Replace Part D? LG R971-KN-1 in C:\engineering\racing\TopBoard\TopBoard\TopBoard.SchDoc with LG R971-KN-1 from LED.SchLib
Replace Part D? LG R971-KN-1 in C:\engineering\racing\TopBoard\TopBoard\TopBoard.SchDoc with LG R971-KN-1 from LED.SchLib
Replace Part D? LG R971-KN-1 in C:\engineering\racing\TopBoard\TopBoard\TopBoard.SchDoc with LG R971-KN-1 from LED.SchLib
Replace Part D? LG R971-KN-1 in C:\engineering\racing\TopBoard\TopBoard\TopBoard.SchDoc with LG R971-KN-1 from LED.SchLib
Replace Part R1 Res_0805 in C:\engineering\racing\TopBoard\TopBoard\TopBoard.SchDoc with Res_0805 from Resistors.SchLib
Replace Part R2 Res_0805 in C:\engineering\racing\TopBoard\TopBoard\TopBoard.SchDoc with Res_0805 from Resistors.SchLib
Replace Part R3 Res_0805 in C:\engineering\racing\TopBoard\TopBoard\TopBoard.SchDoc with Res_0805 from Resistors.SchLib
Replace Part R4 Res_0805 in C:\engineering\racing\TopBoard\TopBoard\TopBoard.SchDoc with Res_0805 from Resistors.SchLib
Replace Part R? Res_0805 in C:\engineering\racing\TopBoard\TopBoard\TopBoard.SchDoc with Res_0805 from Resistors.SchLib
Replace Part R? Res_0805 in C:\engineering\racing\TopBoard\TopBoard\TopBoard.SchDoc with Res_0805 from Resistors.SchLib
Replace Part R? Res_0805 in C:\engineering\racing\TopBoard\TopBoard\TopBoard.SchDoc with Res_0805 from Resistors.SchLib
Replace Part R? Res_0805 in C:\engineering\racing\TopBoard\TopBoard\TopBoard.SchDoc with Res_0805 from Resistors.SchLib
Replace Part SW? DS04-254-2-04BK-SMT-TR in C:\engineering\racing\TopBoard\TopBoard\TopBoard.SchDoc with DS04-254-2-04BK-SMT-TR from DS04-254-2-04BK-SMT-TR.SchLib
Replace Part U1 DEV-16771 in C:\engineering\racing\TopBoard\TopBoard\TopBoard.SchDoc with DEV-16771 from DEV-16771.SchLib
Replace Part U? TXS0104EDG4 in C:\engineering\racing\TopBoard\TopBoard\TopBoard.SchDoc with TXS0104EDG4 from TXS0104EDG4.SchLib
Replace Part U? TXS0104EDG4 in C:\engineering\racing\TopBoard\TopBoard\TopBoard.SchDoc with TXS0104EDG4 from TXS0104EDG4.SchLib
Replace Part U? TXS0104EDG4 in C:\engineering\racing\TopBoard\TopBoard\TopBoard.SchDoc with TXS0104EDG4 from TXS0104EDG4.SchLib
Replace Part U? TXS0104EDG4 in C:\engineering\racing\TopBoard\TopBoard\TopBoard.SchDoc with TXS0104EDG4 from TXS0104EDG4.SchLib
Replace Part U? TXS0104EDG4 in C:\engineering\racing\TopBoard\TopBoard\TopBoard.SchDoc with TXS0104EDG4 from TXS0104EDG4.SchLib
Replace Part U? TXS0104EDG4 in C:\engineering\racing\TopBoard\TopBoard\TopBoard.SchDoc with TXS0104EDG4 from TXS0104EDG4.SchLib
