Change Physical Footprint: Designator=C1 Old Footprint=0805 New Footprint=0805
Change Physical Footprint: Designator=C2 Old Footprint=0805 New Footprint=0805
Change Physical Footprint: Designator=C3 Old Footprint=0805 New Footprint=0805
Change Physical Footprint: Designator=C4 Old Footprint=0805 New Footprint=0805
Change Physical Footprint: Designator=C5 Old Footprint=0805 New Footprint=0805
Change Physical Footprint: Designator=C6 Old Footprint=0805 New Footprint=0805
Change Physical Footprint: Designator=C7 Old Footprint=0805 New Footprint=0805
Change Physical Footprint: Designator=C8 Old Footprint=0805 New Footprint=0805
Change Physical Footprint: Designator=C9 Old Footprint=0805 New Footprint=0805
Change Physical Footprint: Designator=C10 Old Footprint=0805 New Footprint=0805
Change Physical Footprint: Designator=C11 Old Footprint=0805 New Footprint=0805
Change Physical Footprint: Designator=C12 Old Footprint=0805 New Footprint=0805
Change Physical Footprint: Designator=C13 Old Footprint=0805 New Footprint=0805
Change Physical Footprint: Designator=D1A Old Footprint=Diode_0805 New Footprint=Diode_0805
Change Physical Footprint: Designator=D1B Old Footprint=Diode_0805 New Footprint=Diode_0805
Change Physical Footprint: Designator=D1C Old Footprint=Diode_0805 New Footprint=Diode_0805
Change Physical Footprint: Designator=D1D Old Footprint=Diode_0805 New Footprint=Diode_0805
Change Physical Footprint: Designator=J1 Old Footprint=TopBoardConnector New Footprint=TopBoardConnector
Change Physical Footprint: Designator=R1A Old Footprint=0805 New Footprint=0805
Change Physical Footprint: Designator=R1B Old Footprint=0805 New Footprint=0805
Change Physical Footprint: Designator=R1C Old Footprint=0805 New Footprint=0805
Change Physical Footprint: Designator=R1D Old Footprint=0805 New Footprint=0805
Change Physical Footprint: Designator=R2A Old Footprint=0805 New Footprint=0805
Change Physical Footprint: Designator=R2B Old Footprint=0805 New Footprint=0805
Change Physical Footprint: Designator=R2C Old Footprint=0805 New Footprint=0805
Change Physical Footprint: Designator=R2D Old Footprint=0805 New Footprint=0805
Change Physical Footprint: Designator=SW1 Old Footprint=DS04-254-2-04BK-SMT-TR New Footprint=DS04-254-2-04BK-SMT-TR
Change Physical Footprint: Designator=U1 Old Footprint=MODULE_DEV-16771 New Footprint=MODULE_DEV-16771
Change Physical Footprint: Designator=U2 Old Footprint=SOIC127P600X175-14N New Footprint=SOIC127P600X175-14N
Change Physical Footprint: Designator=U3 Old Footprint=SOIC127P600X175-14N New Footprint=SOIC127P600X175-14N
Change Physical Footprint: Designator=U4 Old Footprint=SOIC127P600X175-14N New Footprint=SOIC127P600X175-14N
Change Physical Footprint: Designator=U5 Old Footprint=SOIC127P600X175-14N New Footprint=SOIC127P600X175-14N
Change Physical Footprint: Designator=U6 Old Footprint=SOIC127P600X175-14N New Footprint=SOIC127P600X175-14N
Change Physical Footprint: Designator=U7 Old Footprint=SOIC127P600X175-14N New Footprint=SOIC127P600X175-14N
