Replace Part 0.1uF Cap_0805 in C:\engineering\racing\TopBoard\TopBoard\TopBoard.SchDoc with Cap_0805 from Caps.SchLib
Replace Part C1 Cap_0805 in C:\engineering\racing\TopBoard\TopBoard\TopBoard.SchDoc with Cap_0805 from Caps.SchLib
Replace Part C3 Cap_0805 in C:\engineering\racing\TopBoard\TopBoard\TopBoard.SchDoc with Cap_0805 from Caps.SchLib
Replace Part C4 Cap_0805 in C:\engineering\racing\TopBoard\TopBoard\TopBoard.SchDoc with Cap_0805 from Caps.SchLib
Replace Part C5 Cap_0805 in C:\engineering\racing\TopBoard\TopBoard\TopBoard.SchDoc with Cap_0805 from Caps.SchLib
Replace Part C6 Cap_0805 in C:\engineering\racing\TopBoard\TopBoard\TopBoard.SchDoc with Cap_0805 from Caps.SchLib
Replace Part C7 Cap_0805 in C:\engineering\racing\TopBoard\TopBoard\TopBoard.SchDoc with Cap_0805 from Caps.SchLib
Replace Part C8 Cap_0805 in C:\engineering\racing\TopBoard\TopBoard\TopBoard.SchDoc with Cap_0805 from Caps.SchLib
Replace Part C9 Cap_0805 in C:\engineering\racing\TopBoard\TopBoard\TopBoard.SchDoc with Cap_0805 from Caps.SchLib
Replace Part C10 Cap_0805 in C:\engineering\racing\TopBoard\TopBoard\TopBoard.SchDoc with Cap_0805 from Caps.SchLib
Replace Part C11 Cap_0805 in C:\engineering\racing\TopBoard\TopBoard\TopBoard.SchDoc with Cap_0805 from Caps.SchLib
Replace Part C12 Cap_0805 in C:\engineering\racing\TopBoard\TopBoard\TopBoard.SchDoc with Cap_0805 from Caps.SchLib
Replace Part C13 Cap_0805 in C:\engineering\racing\TopBoard\TopBoard\TopBoard.SchDoc with Cap_0805 from Caps.SchLib
Replace Part D1A LG R971-KN-1 in C:\engineering\racing\TopBoard\TopBoard\TopBoard.SchDoc with LG R971-KN-1 from LED.SchLib
Replace Part D1B LG R971-KN-1 in C:\engineering\racing\TopBoard\TopBoard\TopBoard.SchDoc with LG R971-KN-1 from LED.SchLib
Replace Part D1C LG R971-KN-1 in C:\engineering\racing\TopBoard\TopBoard\TopBoard.SchDoc with LG R971-KN-1 from LED.SchLib
Replace Part D1D LG R971-KN-1 in C:\engineering\racing\TopBoard\TopBoard\TopBoard.SchDoc with LG R971-KN-1 from LED.SchLib
Replace Part J? TopBoardConnector in C:\engineering\racing\TopBoard\TopBoard\TopBoard.SchDoc with TopBoardConnector from TopBoardConnector.SchLib
Replace Part R1A Res_0805 in C:\engineering\racing\TopBoard\TopBoard\TopBoard.SchDoc with Res_0805 from Resistors.SchLib
Replace Part R1B Res_0805 in C:\engineering\racing\TopBoard\TopBoard\TopBoard.SchDoc with Res_0805 from Resistors.SchLib
Replace Part R1C Res_0805 in C:\engineering\racing\TopBoard\TopBoard\TopBoard.SchDoc with Res_0805 from Resistors.SchLib
Replace Part R1D Res_0805 in C:\engineering\racing\TopBoard\TopBoard\TopBoard.SchDoc with Res_0805 from Resistors.SchLib
Replace Part R2A Res_0805 in C:\engineering\racing\TopBoard\TopBoard\TopBoard.SchDoc with Res_0805 from Resistors.SchLib
Replace Part R2B Res_0805 in C:\engineering\racing\TopBoard\TopBoard\TopBoard.SchDoc with Res_0805 from Resistors.SchLib
Replace Part R2C Res_0805 in C:\engineering\racing\TopBoard\TopBoard\TopBoard.SchDoc with Res_0805 from Resistors.SchLib
Replace Part R2D Res_0805 in C:\engineering\racing\TopBoard\TopBoard\TopBoard.SchDoc with Res_0805 from Resistors.SchLib
Replace Part SW1 DS04-254-2-04BK-SMT-TR in C:\engineering\racing\TopBoard\TopBoard\TopBoard.SchDoc with DS04-254-2-04BK-SMT-TR from DS04-254-2-04BK-SMT-TR.SchLib
Replace Part U1 DEV-16771 in C:\engineering\racing\TopBoard\TopBoard\TopBoard.SchDoc with DEV-16771 from DEV-16771.SchLib
Replace Part U2 TXS0104EDG4 in C:\engineering\racing\TopBoard\TopBoard\TopBoard.SchDoc with TXS0104EDG4 from TXS0104EDG4.SchLib
Replace Part U3 TXS0104EDG4 in C:\engineering\racing\TopBoard\TopBoard\TopBoard.SchDoc with TXS0104EDG4 from TXS0104EDG4.SchLib
Replace Part U4 TXS0104EDG4 in C:\engineering\racing\TopBoard\TopBoard\TopBoard.SchDoc with TXS0104EDG4 from TXS0104EDG4.SchLib
Replace Part U5 TXS0104EDG4 in C:\engineering\racing\TopBoard\TopBoard\TopBoard.SchDoc with TXS0104EDG4 from TXS0104EDG4.SchLib
Replace Part U6 TXS0104EDG4 in C:\engineering\racing\TopBoard\TopBoard\TopBoard.SchDoc with TXS0104EDG4 from TXS0104EDG4.SchLib
Replace Part U7 TXS0104EDG4 in C:\engineering\racing\TopBoard\TopBoard\TopBoard.SchDoc with TXS0104EDG4 from TXS0104EDG4.SchLib
