Remove Pin=J1-0:ADC_SS From Net=0-5V
Remove Pin=J1-1:ADC_MISO From Net=1-5V
Remove Pin=J1-2 From Net=2-5V
Remove Pin=J1-3 From Net=3-5V
Remove Pin=J1-4 From Net=4-5V
Remove Pin=J1-5 From Net=5-5V
Remove Pin=J1-7:UART-RX From Net=7-3.3V
Remove Pin=J1-8:UART-TX From Net=8-3.3V
Remove Pin=J1-10 From Net=10-5V
Remove Pin=J1-11 From Net=11-5V
Remove Pin=J1-12 From Net=12-5V
Remove Pin=J1-13 From Net=13-5V
Remove Pin=J1-14 From Net=14-5V
Remove Pin=J1-15 From Net=15-5V
Remove Pin=J1-16 From Net=16-5V
Remove Pin=J1-17 From Net=17-5V
Remove Pin=J1-18 From Net=18-5V
Remove Pin=J1-19 From Net=19-5V
Remove Pin=J1-23:INJSW From Net=23-5V
Remove Pin=J1-24 From Net=24-5V
Remove Pin=J1-25 From Net=25-5V
Remove Pin=J1-26:ADC_MOSI From Net=26-5V
Remove Pin=J1-27:ADC_CLK From Net=27-5V
Remove Pin=J1-33 From Net=33-5V
Remove Pin=J1-36 From Net=36-5V
Remove Pin=J1-37 From Net=37-5V
Remove Pin=U1-0 From Net=0-3.3V
Remove Pin=U1-1 From Net=1-3.3V
Remove Pin=U1-2 From Net=2-3.3V
Remove Pin=U1-3 From Net=3-3.3V
Remove Pin=U1-4 From Net=4-3.3V
Remove Pin=U1-5 From Net=5-3.3V
Remove Pin=U1-7 From Net=7-3.3V
Remove Pin=U1-8 From Net=8-3.3V
Remove Pin=U1-10 From Net=10-3.3V
Remove Pin=U1-11 From Net=11-3.3V
Remove Pin=U1-12 From Net=12-3.3V
Remove Pin=U1-13 From Net=13-3.3V
Remove Pin=U1-14 From Net=14-3.3V
Remove Pin=U1-15 From Net=15-3.3V
Remove Pin=U1-16 From Net=16-3.3V
Remove Pin=U1-17 From Net=17-3.3V
Remove Pin=U1-18 From Net=18-3.3V
Remove Pin=U1-19 From Net=19-3.3V
Remove Pin=U1-23 From Net=23-3.3V
Remove Pin=U1-24 From Net=24-3.3V
Remove Pin=U1-25 From Net=25-3.3V
Remove Pin=U1-26 From Net=26-3.3V
Remove Pin=U1-27 From Net=27-3.3V
Remove Pin=U1-33 From Net=33-3.3V
Remove Pin=U1-34 From Net=34-3.3V:OE
Remove Pin=U1-36 From Net=36-3.3V
Remove Pin=U1-37 From Net=37-3.3V
