Added Component: Designator=J1(TopBoardConnector)
Added Component: Designator=U1(MODULE_DEV-16771)
Add component (AddParameter): Name = "Availability"; Value = "Unavailable"; VariantName = "[No Variations]"
Add component (AddParameter): Name = "MF"; Value = ""; VariantName = "[No Variations]"
Add component (AddParameter): Name = "MP"; Value = "DEV-16771"; VariantName = "[No Variations]"
Add component (AddParameter): Name = "Package"; Value = "None"; VariantName = "[No Variations]"
Add component (AddParameter): Name = "Price"; Value = "None"; VariantName = "[No Variations]"
Add component (AddParameter): Name = "Value"; Value = ""; VariantName = "[No Variations]"
Added Pin To Net: NetName=2-5V Pin=J1-2
Added Pin To Net: NetName=3-5V Pin=J1-3
Added Pin To Net: NetName=4-5V Pin=J1-4
Added Pin To Net: NetName=5-5V Pin=J1-5
Added Pin To Net: NetName=+5 Pin=J1-5V
Added Pin To Net: NetName=10-5V Pin=J1-10
Added Pin To Net: NetName=11-5V Pin=J1-11
Added Pin To Net: NetName=12-5V Pin=J1-12
Added Pin To Net: NetName=13-5V Pin=J1-13
Added Pin To Net: NetName=14-5V Pin=J1-14
Added Pin To Net: NetName=15-5V Pin=J1-15
Added Pin To Net: NetName=16-5V Pin=J1-16
Added Pin To Net: NetName=17-5V Pin=J1-17
Added Pin To Net: NetName=18-5V Pin=J1-18
Added Pin To Net: NetName=19-5V Pin=J1-19
Added Pin To Net: NetName=24-5V Pin=J1-24
Added Pin To Net: NetName=25-5V Pin=J1-25
Added Pin To Net: NetName=33-5V Pin=J1-33
Added Pin To Net: NetName=36-5V Pin=J1-36
Added Pin To Net: NetName=37-5V Pin=J1-37
Added Pin To Net: NetName=GND Pin=J1-GND
Added Pin To Net: NetName=0-3.3V Pin=U1-0
Added Pin To Net: NetName=1-3.3V Pin=U1-1
Added Pin To Net: NetName=2-3.3V Pin=U1-2
Added Pin To Net: NetName=+3.3 Pin=U1-3.3V_1
Added Pin To Net: NetName=+3.3 Pin=U1-3.3V_2
Added Pin To Net: NetName=+3.3 Pin=U1-3.3V_3
Added Pin To Net: NetName=3-3.3V Pin=U1-3
Added Pin To Net: NetName=4-3.3V Pin=U1-4
Added Pin To Net: NetName=5-3.3V Pin=U1-5
Added Pin To Net: NetName=10-3.3V Pin=U1-10
Added Pin To Net: NetName=11-3.3V Pin=U1-11
Added Pin To Net: NetName=12-3.3V Pin=U1-12
Added Pin To Net: NetName=13-3.3V Pin=U1-13
Added Pin To Net: NetName=14-3.3V Pin=U1-14
Added Pin To Net: NetName=15-3.3V Pin=U1-15
Added Pin To Net: NetName=16-3.3V Pin=U1-16
Added Pin To Net: NetName=17-3.3V Pin=U1-17
Added Pin To Net: NetName=18-3.3V Pin=U1-18
Added Pin To Net: NetName=19-3.3V Pin=U1-19
Added Pin To Net: NetName=23-3.3V Pin=U1-23
Added Pin To Net: NetName=24-3.3V Pin=U1-24
Added Pin To Net: NetName=25-3.3V Pin=U1-25
Added Pin To Net: NetName=26-3.3V Pin=U1-26
Added Pin To Net: NetName=27-3.3V Pin=U1-27
Added Pin To Net: NetName=NetD1A_+ Pin=U1-28
Added Pin To Net: NetName=NetD1B_+ Pin=U1-29
Added Pin To Net: NetName=NetD1C_+ Pin=U1-30
Added Pin To Net: NetName=NetD1D_+ Pin=U1-31
Added Pin To Net: NetName=33-3.3V Pin=U1-33
Added Pin To Net: NetName=34-3.3V:OE Pin=U1-34
Added Pin To Net: NetName=36-3.3V Pin=U1-36
Added Pin To Net: NetName=37-3.3V Pin=U1-37
Added Pin To Net: NetName=NetR2D_1 Pin=U1-38
Added Pin To Net: NetName=NetR2C_1 Pin=U1-39
Added Pin To Net: NetName=NetR2B_1 Pin=U1-40
Added Pin To Net: NetName=NetR2A_1 Pin=U1-41
Added Pin To Net: NetName=GND Pin=U1-GND1
Added Pin To Net: NetName=GND Pin=U1-GND2
Added Pin To Net: NetName=GND Pin=U1-GND3
Added Pin To Net: NetName=GND Pin=U1-GND4
Added Pin To Net: NetName=GND Pin=U1-GND5
Added Pin To Net: NetName=+5 Pin=U1-VIN
Added Pin To Net: NetName=7-3.3V Pin=U1-7
Added Net: Name=7-3.3V
Added Pin To Net: NetName=8-3.3V Pin=U1-8
Added Net: Name=8-3.3V
Added Member To Class: ClassName=TopBoard Member=Component J1 TopBoardConnector
Added Member To Class: ClassName=TopBoard Member=Component U1 DEV-16771
